2026-04-15 09:17:49 INFO     IDS starting — training phase (90 s).
2026-04-15 09:17:49 WARNING  ALERT: IDS started — entering training phase.
2026-04-15 09:17:49 INFO     Sniffer started on interface: default
2026-04-15 09:17:51 DEBUG    [TRAIN   2s] pkts=503  rate=251.5/s  tcp=409  udp=36
2026-04-15 09:17:53 DEBUG    [TRAIN   4s] pkts=88  rate=44.0/s  tcp=17  udp=27
2026-04-15 09:17:55 DEBUG    [TRAIN   6s] pkts=46  rate=23.0/s  tcp=39  udp=2
2026-04-15 09:17:57 DEBUG    [TRAIN   8s] pkts=26  rate=13.0/s  tcp=13  udp=5
2026-04-15 09:17:59 DEBUG    [TRAIN  10s] pkts=83  rate=41.5/s  tcp=26  udp=33
2026-04-15 09:18:01 DEBUG    [TRAIN  12s] pkts=94  rate=47.0/s  tcp=17  udp=57
2026-04-15 09:18:03 DEBUG    [TRAIN  14s] pkts=43  rate=21.5/s  tcp=22  udp=8
2026-04-15 09:18:05 DEBUG    [TRAIN  16s] pkts=56  rate=28.0/s  tcp=22  udp=12
2026-04-15 09:18:07 DEBUG    [TRAIN  18s] pkts=73  rate=36.5/s  tcp=31  udp=15
2026-04-15 09:18:09 DEBUG    [TRAIN  20s] pkts=44  rate=22.0/s  tcp=17  udp=10
2026-04-15 09:18:11 DEBUG    [TRAIN  22s] pkts=162  rate=81.0/s  tcp=95  udp=27
2026-04-15 09:18:13 DEBUG    [TRAIN  24s] pkts=89  rate=44.5/s  tcp=23  udp=23
2026-04-15 09:18:15 DEBUG    [TRAIN  26s] pkts=53  rate=26.5/s  tcp=27  udp=11
2026-04-15 09:18:17 DEBUG    [TRAIN  28s] pkts=123  rate=61.5/s  tcp=33  udp=30
2026-04-15 09:18:19 DEBUG    [TRAIN  30s] pkts=53  rate=26.5/s  tcp=29  udp=5
2026-04-15 09:18:21 DEBUG    [TRAIN  32s] pkts=87  rate=43.5/s  tcp=52  udp=10
2026-04-15 09:18:23 DEBUG    [TRAIN  34s] pkts=151  rate=75.5/s  tcp=140  udp=2
2026-04-15 09:18:25 DEBUG    [TRAIN  36s] pkts=156  rate=78.0/s  tcp=102  udp=24
2026-04-15 09:18:27 DEBUG    [TRAIN  38s] pkts=89  rate=44.5/s  tcp=29  udp=12
2026-04-15 09:18:29 DEBUG    [TRAIN  40s] pkts=72  rate=36.0/s  tcp=47  udp=5
2026-04-15 09:18:31 DEBUG    [TRAIN  42s] pkts=54  rate=27.0/s  tcp=42  udp=5
2026-04-15 09:18:33 DEBUG    [TRAIN  44s] pkts=103  rate=51.5/s  tcp=82  udp=4
2026-04-15 09:18:35 DEBUG    [TRAIN  46s] pkts=193  rate=96.5/s  tcp=135  udp=15
2026-04-15 09:18:37 DEBUG    [TRAIN  48s] pkts=103  rate=51.5/s  tcp=37  udp=8
2026-04-15 09:18:39 DEBUG    [TRAIN  50s] pkts=72  rate=36.0/s  tcp=39  udp=13
2026-04-15 09:18:41 DEBUG    [TRAIN  52s] pkts=132  rate=66.0/s  tcp=55  udp=18
2026-04-15 09:18:43 DEBUG    [TRAIN  54s] pkts=55  rate=27.5/s  tcp=30  udp=4
2026-04-15 09:18:45 DEBUG    [TRAIN  56s] pkts=124  rate=62.0/s  tcp=48  udp=21
2026-04-15 09:18:47 DEBUG    [TRAIN  58s] pkts=57  rate=28.5/s  tcp=34  udp=5
2026-04-15 09:18:49 DEBUG    [TRAIN  60s] pkts=88  rate=44.0/s  tcp=63  udp=9
2026-04-15 09:18:51 DEBUG    [TRAIN  62s] pkts=109  rate=54.5/s  tcp=96  udp=3
2026-04-15 09:18:53 DEBUG    [TRAIN  64s] pkts=88  rate=44.0/s  tcp=55  udp=1
2026-04-15 09:18:56 DEBUG    [TRAIN  66s] pkts=1281  rate=640.5/s  tcp=1248  udp=3
2026-04-15 09:18:58 DEBUG    [TRAIN  68s] pkts=1173  rate=586.5/s  tcp=1089  udp=16
2026-04-15 09:19:00 DEBUG    [TRAIN  70s] pkts=1254  rate=627.0/s  tcp=1203  udp=9
2026-04-15 09:19:02 DEBUG    [TRAIN  72s] pkts=810  rate=405.0/s  tcp=743  udp=9
2026-04-15 09:19:04 DEBUG    [TRAIN  74s] pkts=723  rate=361.5/s  tcp=616  udp=21
2026-04-15 09:19:06 DEBUG    [TRAIN  76s] pkts=882  rate=441.0/s  tcp=825  udp=10
2026-04-15 09:19:08 DEBUG    [TRAIN  78s] pkts=1395  rate=697.5/s  tcp=1320  udp=6
2026-04-15 09:19:10 DEBUG    [TRAIN  80s] pkts=1442  rate=721.0/s  tcp=1338  udp=20
2026-04-15 09:19:12 DEBUG    [TRAIN  82s] pkts=878  rate=439.0/s  tcp=774  udp=31
2026-04-15 09:19:14 DEBUG    [TRAIN  84s] pkts=773  rate=386.5/s  tcp=643  udp=46
2026-04-15 09:19:16 DEBUG    [TRAIN  86s] pkts=964  rate=482.0/s  tcp=874  udp=37
2026-04-15 09:19:18 DEBUG    [TRAIN  88s] pkts=2365  rate=1182.5/s  tcp=2228  udp=58
2026-04-15 09:19:20 INFO     Model trained on 45 windows.
2026-04-15 09:19:20 INFO     Switched to DETECTION mode after 45 training windows.
2026-04-15 09:19:20 WARNING  ALERT: IDS entered DETECTION mode — baseline training complete.
2026-04-15 09:19:22 DEBUG    [DETECT] score=0.065  pkts=1195  rate=597.5/s  syn=0  src_ips=17
2026-04-15 09:19:24 WARNING  ALERT: Anomaly detected (score=-0.011) | rate=767.5pkt/s tcp=1417 udp=19 icmp=0 syn=2 src_ips=27 dst_ports=17
2026-04-15 09:19:26 WARNING  ALERT: Anomaly detected (score=-0.002) | rate=880.0pkt/s tcp=1689 udp=12 icmp=0 syn=4 src_ips=19 dst_ports=16
2026-04-15 09:19:28 DEBUG    [DETECT] score=0.047  pkts=987  rate=493.5/s  syn=1  src_ips=27
2026-04-15 09:19:30 DEBUG    [DETECT] score=0.080  pkts=911  rate=455.5/s  syn=0  src_ips=22
2026-04-15 09:19:32 DEBUG    [DETECT] score=0.082  pkts=1102  rate=551.0/s  syn=1  src_ips=19
2026-04-15 09:19:34 DEBUG    [DETECT] score=0.015  pkts=1599  rate=799.5/s  syn=1  src_ips=24
2026-04-15 09:19:36 DEBUG    [DETECT] score=0.038  pkts=1337  rate=668.5/s  syn=2  src_ips=15
2026-04-15 09:19:38 DEBUG    [DETECT] score=0.122  pkts=177  rate=88.5/s  syn=2  src_ips=23
2026-04-15 09:19:40 DEBUG    [DETECT] score=0.106  pkts=249  rate=124.5/s  syn=2  src_ips=17
2026-04-15 09:19:42 DEBUG    [DETECT] score=0.086  pkts=276  rate=138.0/s  syn=3  src_ips=19
2026-04-15 09:19:44 DEBUG    [DETECT] score=0.082  pkts=294  rate=147.0/s  syn=0  src_ips=24
2026-04-15 09:19:46 WARNING  ALERT: Anomaly detected (score=-0.009) | rate=440.5pkt/s tcp=791 udp=21 icmp=0 syn=5 src_ips=28 dst_ports=18
2026-04-15 09:19:48 WARNING  ALERT: Anomaly detected (score=-0.085) | rate=1116.0pkt/s tcp=2123 udp=25 icmp=0 syn=0 src_ips=28 dst_ports=20
2026-04-15 09:19:50 WARNING  ALERT: Anomaly detected (score=-0.023) | rate=1035.0pkt/s tcp=1973 udp=28 icmp=0 syn=0 src_ips=21 dst_ports=13
2026-04-15 09:19:52 DEBUG    [DETECT] score=0.002  pkts=828  rate=414.0/s  syn=4  src_ips=27
2026-04-15 09:19:54 DEBUG    [DETECT] score=0.037  pkts=644  rate=322.0/s  syn=0  src_ips=28
2026-04-15 09:19:56 DEBUG    [DETECT] score=0.063  pkts=419  rate=209.5/s  syn=2  src_ips=24
2026-04-15 09:19:58 DEBUG    [DETECT] score=0.047  pkts=452  rate=226.0/s  syn=0  src_ips=25
2026-04-15 09:20:00 WARNING  ALERT: Anomaly detected (score=-0.027) | rate=341.0pkt/s tcp=542 udp=68 icmp=0 syn=4 src_ips=24 dst_ports=18
2026-04-15 09:20:02 DEBUG    [DETECT] score=0.058  pkts=595  rate=297.5/s  syn=0  src_ips=20
2026-04-15 09:20:05 DEBUG    [DETECT] score=0.022  pkts=645  rate=322.5/s  syn=3  src_ips=23
2026-04-15 09:20:07 WARNING  ALERT: Anomaly detected (score=-0.008) | rate=459.5pkt/s tcp=808 udp=43 icmp=0 syn=5 src_ips=24 dst_ports=19
2026-04-15 09:20:09 DEBUG    [DETECT] score=0.028  pkts=611  rate=305.5/s  syn=1  src_ips=28
2026-04-15 09:20:11 DEBUG    [DETECT] score=0.063  pkts=830  rate=415.0/s  syn=0  src_ips=23
2026-04-15 09:20:13 DEBUG    [DETECT] score=0.040  pkts=514  rate=257.0/s  syn=6  src_ips=17
2026-04-15 09:20:15 WARNING  ALERT: Anomaly detected (score=-0.004) | rate=314.5pkt/s tcp=545 udp=18 icmp=0 syn=12 src_ips=19 dst_ports=20
2026-04-15 09:20:17 DEBUG    [DETECT] score=0.011  pkts=415  rate=207.5/s  syn=5  src_ips=25
2026-04-15 09:20:19 DEBUG    [DETECT] score=0.069  pkts=528  rate=264.0/s  syn=3  src_ips=19
2026-04-15 09:20:21 DEBUG    [DETECT] score=0.011  pkts=421  rate=210.5/s  syn=4  src_ips=24
2026-04-15 09:20:23 DEBUG    [DETECT] score=0.062  pkts=483  rate=241.5/s  syn=0  src_ips=20
2026-04-15 09:20:25 DEBUG    [DETECT] score=0.024  pkts=648  rate=324.0/s  syn=3  src_ips=22
2026-04-15 09:20:27 DEBUG    [DETECT] score=0.036  pkts=731  rate=365.5/s  syn=0  src_ips=28
2026-04-15 09:20:29 WARNING  ALERT: Anomaly detected (score=-0.047) | rate=1792.0pkt/s tcp=3504 udp=20 icmp=0 syn=2 src_ips=16 dst_ports=12
2026-04-15 09:20:31 WARNING  ALERT: Anomaly detected (score=-0.084) | rate=1168.5pkt/s tcp=2248 udp=26 icmp=0 syn=2 src_ips=24 dst_ports=20
2026-04-15 09:20:33 WARNING  ALERT: Anomaly detected (score=-0.075) | rate=960.5pkt/s tcp=1832 udp=29 icmp=0 syn=1 src_ips=30 dst_ports=21
2026-04-15 09:20:35 WARNING  ALERT: Anomaly detected (score=-0.045) | rate=1233.5pkt/s tcp=2404 udp=10 icmp=1 syn=1 src_ips=17 dst_ports=15
2026-04-15 09:20:37 WARNING  ALERT: Anomaly detected (score=-0.105) | rate=1532.5pkt/s tcp=2965 udp=24 icmp=0 syn=3 src_ips=26 dst_ports=22
2026-04-15 09:20:39 WARNING  ALERT: Anomaly detected (score=-0.144) | rate=1307.5pkt/s tcp=2482 udp=62 icmp=3 syn=3 src_ips=30 dst_ports=18
2026-04-15 09:20:41 WARNING  ALERT: Anomaly detected (score=-0.027) | rate=884.5pkt/s tcp=1652 udp=31 icmp=0 syn=0 src_ips=38 dst_ports=15
2026-04-15 09:20:43 DEBUG    [DETECT] score=0.021  pkts=730  rate=365.0/s  syn=4  src_ips=24
2026-04-15 09:20:45 DEBUG    [DETECT] score=0.003  pkts=1639  rate=819.5/s  syn=3  src_ips=22
2026-04-15 09:20:47 DEBUG    [DETECT] score=0.056  pkts=844  rate=422.0/s  syn=3  src_ips=24
2026-04-15 09:20:49 WARNING  ALERT: Anomaly detected (score=-0.118) | rate=1774.0pkt/s tcp=3476 udp=21 icmp=0 syn=3 src_ips=32 dst_ports=31
2026-04-15 09:20:51 WARNING  ALERT: Anomaly detected (score=-0.073) | rate=1851.0pkt/s tcp=3590 udp=20 icmp=0 syn=3 src_ips=26 dst_ports=14
2026-04-15 09:20:53 WARNING  ALERT: Anomaly detected (score=-0.125) | rate=1268.0pkt/s tcp=2436 udp=19 icmp=1 syn=6 src_ips=26 dst_ports=21
2026-04-15 09:20:56 WARNING  ALERT: Anomaly detected (score=-0.066) | rate=1953.0pkt/s tcp=3798 udp=17 icmp=0 syn=2 src_ips=24 dst_ports=17
2026-04-15 09:20:58 WARNING  ALERT: Anomaly detected (score=-0.037) | rate=469.0pkt/s tcp=828 udp=45 icmp=0 syn=2 src_ips=32 dst_ports=20
2026-04-15 09:21:00 WARNING  ALERT: Anomaly detected (score=-0.099) | rate=2667.5pkt/s tcp=5276 udp=27 icmp=0 syn=4 src_ips=19 dst_ports=17
2026-04-15 09:21:02 WARNING  ALERT: Anomaly detected (score=-0.059) | rate=808.0pkt/s tcp=1498 udp=51 icmp=0 syn=1 src_ips=32 dst_ports=19
2026-04-15 09:21:04 DEBUG    [DETECT] score=0.025  pkts=1328  rate=664.0/s  syn=0  src_ips=22
2026-04-15 09:21:06 WARNING  ALERT: Anomaly detected (score=-0.093) | rate=3196.5pkt/s tcp=6312 udp=25 icmp=0 syn=4 src_ips=18 dst_ports=20
2026-04-15 09:21:08 WARNING  ALERT: Anomaly detected (score=-0.134) | rate=2100.0pkt/s tcp=4099 udp=27 icmp=0 syn=0 src_ips=32 dst_ports=25
2026-04-15 09:21:10 WARNING  ALERT: Anomaly detected (score=-0.074) | rate=1545.0pkt/s tcp=2997 udp=31 icmp=0 syn=0 src_ips=24 dst_ports=15
2026-04-15 09:21:12 WARNING  ALERT: Anomaly detected (score=-0.137) | rate=1955.5pkt/s tcp=3802 udp=33 icmp=0 syn=5 src_ips=33 dst_ports=16
2026-04-15 09:21:14 WARNING  ALERT: Anomaly detected (score=-0.117) | rate=4470.0pkt/s tcp=8891 udp=13 icmp=0 syn=6 src_ips=25 dst_ports=24
2026-04-15 09:21:17 WARNING  ALERT: Anomaly detected (score=-0.110) | rate=4141.0pkt/s tcp=8177 udp=42 icmp=0 syn=5 src_ips=24 dst_ports=20
2026-04-15 09:21:19 WARNING  ALERT: Anomaly detected (score=-0.069) | rate=3895.0pkt/s tcp=7743 udp=9 icmp=0 syn=1 src_ips=24 dst_ports=17
2026-04-15 09:21:21 WARNING  ALERT: Anomaly detected (score=-0.070) | rate=2956.5pkt/s tcp=5839 udp=11 icmp=0 syn=2 src_ips=20 dst_ports=19
2026-04-15 09:21:23 WARNING  ALERT: Anomaly detected (score=-0.074) | rate=1119.5pkt/s tcp=2172 udp=10 icmp=0 syn=1 src_ips=29 dst_ports=17
2026-04-15 09:21:25 WARNING  ALERT: Anomaly detected (score=-0.115) | rate=2306.5pkt/s tcp=4557 udp=13 icmp=0 syn=7 src_ips=22 dst_ports=25
2026-04-15 09:21:27 WARNING  ALERT: Anomaly detected (score=-0.105) | rate=1709.5pkt/s tcp=3338 udp=19 icmp=0 syn=3 src_ips=35 dst_ports=32
2026-04-15 09:21:29 WARNING  ALERT: Anomaly detected (score=-0.108) | rate=2184.5pkt/s tcp=4276 udp=21 icmp=0 syn=1 src_ips=26 dst_ports=22
2026-04-15 09:21:31 WARNING  ALERT: Anomaly detected (score=-0.131) | rate=3110.5pkt/s tcp=6136 udp=31 icmp=0 syn=1 src_ips=28 dst_ports=24
2026-04-15 09:21:33 WARNING  ALERT: Anomaly detected (score=-0.148) | rate=1889.0pkt/s tcp=3633 udp=52 icmp=0 syn=3 src_ips=38 dst_ports=23
2026-04-15 09:21:36 WARNING  ALERT: Anomaly detected (score=-0.142) | rate=2511.5pkt/s tcp=4874 udp=49 icmp=0 syn=2 src_ips=33 dst_ports=24
2026-04-15 09:21:38 WARNING  ALERT: Anomaly detected (score=-0.159) | rate=3853.0pkt/s tcp=7546 udp=59 icmp=0 syn=3 src_ips=36 dst_ports=20
2026-04-15 09:21:40 WARNING  ALERT: Anomaly detected (score=-0.106) | rate=1603.5pkt/s tcp=3128 udp=23 icmp=0 syn=2 src_ips=27 dst_ports=22
2026-04-15 09:21:42 WARNING  ALERT: Anomaly detected (score=-0.097) | rate=1831.0pkt/s tcp=3538 udp=38 icmp=0 syn=1 src_ips=25 dst_ports=20
2026-04-15 09:21:44 WARNING  ALERT: Anomaly detected (score=-0.089) | rate=550.5pkt/s tcp=921 udp=58 icmp=0 syn=5 src_ips=37 dst_ports=29
2026-04-15 09:29:43 INFO     IDS starting — training phase (90 s).
2026-04-15 09:29:43 WARNING  ALERT: IDS started — entering training phase.
2026-04-15 09:29:43 INFO     Sniffer started on interface: default
2026-04-15 09:29:45 DEBUG    [TRAIN   2s] pkts=258  rate=129.0/s  tcp=124  udp=55
2026-04-15 09:29:47 DEBUG    [TRAIN   4s] pkts=190  rate=95.0/s  tcp=98  udp=21
2026-04-15 09:29:49 DEBUG    [TRAIN   6s] pkts=329  rate=164.5/s  tcp=217  udp=31
2026-04-15 09:29:51 DEBUG    [TRAIN   8s] pkts=223  rate=111.5/s  tcp=104  udp=31
2026-04-15 09:29:53 DEBUG    [TRAIN  10s] pkts=204  rate=102.0/s  tcp=90  udp=27
2026-04-15 09:29:55 DEBUG    [TRAIN  12s] pkts=106  rate=53.0/s  tcp=59  udp=17
2026-04-15 09:29:57 DEBUG    [TRAIN  14s] pkts=162  rate=81.0/s  tcp=87  udp=29
2026-04-15 09:29:59 DEBUG    [TRAIN  16s] pkts=89  rate=44.5/s  tcp=40  udp=20
2026-04-15 09:30:01 DEBUG    [TRAIN  18s] pkts=127  rate=63.5/s  tcp=70  udp=16
2026-04-15 09:30:03 DEBUG    [TRAIN  20s] pkts=184  rate=92.0/s  tcp=120  udp=20
2026-04-15 09:30:05 DEBUG    [TRAIN  22s] pkts=230  rate=115.0/s  tcp=157  udp=24
2026-04-15 09:30:07 DEBUG    [TRAIN  24s] pkts=1599  rate=799.5/s  tcp=1539  udp=13
2026-04-15 09:30:09 DEBUG    [TRAIN  26s] pkts=1903  rate=951.5/s  tcp=1787  udp=35
2026-04-15 09:30:11 DEBUG    [TRAIN  28s] pkts=2711  rate=1355.5/s  tcp=2582  udp=40
2026-04-15 09:30:13 DEBUG    [TRAIN  30s] pkts=3089  rate=1544.5/s  tcp=2975  udp=25
2026-04-15 09:30:15 DEBUG    [TRAIN  32s] pkts=1470  rate=735.0/s  tcp=965  udp=430
2026-04-15 09:30:17 DEBUG    [TRAIN  34s] pkts=208  rate=104.0/s  tcp=84  udp=34
2026-04-15 09:30:19 DEBUG    [TRAIN  36s] pkts=244  rate=122.0/s  tcp=123  udp=39
2026-04-15 09:30:21 DEBUG    [TRAIN  38s] pkts=144  rate=72.0/s  tcp=53  udp=20
2026-04-15 09:30:23 DEBUG    [TRAIN  40s] pkts=183  rate=91.5/s  tcp=91  udp=11
2026-04-15 09:30:25 DEBUG    [TRAIN  42s] pkts=172  rate=86.0/s  tcp=68  udp=15
2026-04-15 09:30:27 DEBUG    [TRAIN  44s] pkts=185  rate=92.5/s  tcp=103  udp=15
2026-04-15 09:30:29 DEBUG    [TRAIN  46s] pkts=118  rate=59.0/s  tcp=35  udp=22
2026-04-15 09:30:31 DEBUG    [TRAIN  48s] pkts=66  rate=33.0/s  tcp=44  udp=7
2026-04-15 09:30:33 DEBUG    [TRAIN  50s] pkts=118  rate=59.0/s  tcp=65  udp=8
2026-04-15 09:30:35 DEBUG    [TRAIN  52s] pkts=296  rate=148.0/s  tcp=173  udp=19
2026-04-15 09:30:37 DEBUG    [TRAIN  54s] pkts=270  rate=135.0/s  tcp=169  udp=19
2026-04-15 09:30:39 DEBUG    [TRAIN  56s] pkts=658  rate=329.0/s  tcp=482  udp=67
2026-04-15 09:30:41 DEBUG    [TRAIN  58s] pkts=640  rate=320.0/s  tcp=509  udp=37
2026-04-15 09:30:43 DEBUG    [TRAIN  60s] pkts=1059  rate=529.5/s  tcp=885  udp=79
2026-04-15 09:30:45 DEBUG    [TRAIN  62s] pkts=524  rate=262.0/s  tcp=392  udp=57
2026-04-15 09:30:47 DEBUG    [TRAIN  64s] pkts=183  rate=91.5/s  tcp=99  udp=33
2026-04-15 09:30:49 DEBUG    [TRAIN  66s] pkts=263  rate=131.5/s  tcp=178  udp=25
2026-04-15 09:30:51 DEBUG    [TRAIN  68s] pkts=211  rate=105.5/s  tcp=97  udp=39
2026-04-15 09:30:53 DEBUG    [TRAIN  70s] pkts=137  rate=68.5/s  tcp=21  udp=33
2026-04-15 09:30:55 DEBUG    [TRAIN  72s] pkts=121  rate=60.5/s  tcp=77  udp=5
2026-04-15 09:30:57 DEBUG    [TRAIN  74s] pkts=69  rate=34.5/s  tcp=35  udp=5
2026-04-15 09:30:59 DEBUG    [TRAIN  76s] pkts=111  rate=55.5/s  tcp=48  udp=9
2026-04-15 09:31:01 DEBUG    [TRAIN  78s] pkts=171  rate=85.5/s  tcp=76  udp=13
2026-04-15 09:31:03 DEBUG    [TRAIN  80s] pkts=187  rate=93.5/s  tcp=78  udp=22
2026-04-15 09:31:05 DEBUG    [TRAIN  82s] pkts=163  rate=81.5/s  tcp=70  udp=18
2026-04-15 09:31:07 DEBUG    [TRAIN  84s] pkts=209  rate=104.5/s  tcp=104  udp=19
2026-04-15 09:31:09 DEBUG    [TRAIN  86s] pkts=123  rate=61.5/s  tcp=59  udp=10
2026-04-15 09:31:11 DEBUG    [TRAIN  88s] pkts=142  rate=71.0/s  tcp=98  udp=8
2026-04-15 09:31:13 INFO     Model trained on 45 windows.
2026-04-15 09:31:13 INFO     Switched to DETECTION mode after 45 training windows.
2026-04-15 09:31:13 WARNING  ALERT: IDS entered DETECTION mode — baseline training complete.
2026-04-15 09:31:15 DEBUG    [DETECT] score=0.172  pkts=250  rate=125.0/s  syn=10  src_ips=19
2026-04-15 09:31:17 DEBUG    [DETECT] score=0.137  pkts=289  rate=144.5/s  syn=11  src_ips=29
2026-04-15 09:31:19 DEBUG    [DETECT] score=0.117  pkts=267  rate=133.5/s  syn=10  src_ips=26
2026-04-15 09:31:21 DEBUG    [DETECT] score=0.181  pkts=228  rate=114.0/s  syn=8  src_ips=30
2026-04-15 09:31:23 DEBUG    [DETECT] score=0.173  pkts=295  rate=147.5/s  syn=8  src_ips=19
2026-04-15 09:31:25 DEBUG    [DETECT] score=0.130  pkts=403  rate=201.5/s  syn=10  src_ips=23
2026-04-15 09:31:27 DEBUG    [DETECT] score=0.144  pkts=306  rate=153.0/s  syn=10  src_ips=22
2026-04-15 09:31:29 DEBUG    [DETECT] score=0.130  pkts=304  rate=152.0/s  syn=9  src_ips=17
2026-04-15 09:31:32 DEBUG    [DETECT] score=0.131  pkts=356  rate=178.0/s  syn=9  src_ips=31
2026-04-15 09:31:34 DEBUG    [DETECT] score=0.125  pkts=286  rate=143.0/s  syn=12  src_ips=23
2026-04-15 09:31:36 DEBUG    [DETECT] score=0.099  pkts=461  rate=230.5/s  syn=20  src_ips=24
2026-04-15 09:31:38 DEBUG    [DETECT] score=0.128  pkts=364  rate=182.0/s  syn=12  src_ips=27
2026-04-15 09:31:40 DEBUG    [DETECT] score=0.178  pkts=367  rate=183.5/s  syn=6  src_ips=29
2026-04-15 09:31:42 WARNING  ALERT: Anomaly detected (score=-0.028) | rate=1928.5pkt/s tcp=3746 udp=19 icmp=0 syn=8 src_ips=30 dst_ports=18
2026-04-15 09:31:44 DEBUG    [DETECT] score=0.097  pkts=2315  rate=1157.5/s  syn=2  src_ips=22
2026-04-15 09:31:46 DEBUG    [DETECT] score=0.195  pkts=316  rate=158.0/s  syn=0  src_ips=25
2026-04-15 09:31:48 DEBUG    [DETECT] score=0.117  pkts=1605  rate=802.5/s  syn=4  src_ips=28
2026-04-15 09:31:50 DEBUG    [DETECT] score=0.106  pkts=1483  rate=741.5/s  syn=4  src_ips=19
2026-04-15 09:31:52 DEBUG    [DETECT] score=0.125  pkts=1120  rate=560.0/s  syn=0  src_ips=21
2026-04-15 09:31:54 DEBUG    [DETECT] score=0.146  pkts=1192  rate=596.0/s  syn=4  src_ips=23
2026-04-15 09:31:56 DEBUG    [DETECT] score=0.268  pkts=218  rate=109.0/s  syn=2  src_ips=27
2026-04-15 09:31:58 DEBUG    [DETECT] score=0.179  pkts=464  rate=232.0/s  syn=0  src_ips=21
2026-04-15 09:32:00 DEBUG    [DETECT] score=0.165  pkts=257  rate=128.5/s  syn=2  src_ips=20
2026-04-15 09:32:02 DEBUG    [DETECT] score=0.140  pkts=489  rate=244.5/s  syn=5  src_ips=35
2026-04-15 09:32:04 DEBUG    [DETECT] score=0.224  pkts=209  rate=104.5/s  syn=4  src_ips=20
2026-04-15 09:32:06 DEBUG    [DETECT] score=0.176  pkts=261  rate=130.5/s  syn=1  src_ips=14
2026-04-15 09:32:08 DEBUG    [DETECT] score=0.276  pkts=179  rate=89.5/s  syn=4  src_ips=22
2026-04-15 09:32:10 DEBUG    [DETECT] score=0.248  pkts=353  rate=176.5/s  syn=2  src_ips=25
2026-04-15 09:32:12 DEBUG    [DETECT] score=0.211  pkts=255  rate=127.5/s  syn=0  src_ips=33
2026-04-15 09:32:14 DEBUG    [DETECT] score=0.224  pkts=184  rate=92.0/s  syn=1  src_ips=19
2026-04-15 09:32:16 DEBUG    [DETECT] score=0.054  pkts=2341  rate=1170.5/s  syn=2  src_ips=29
2026-04-15 09:32:18 WARNING  ALERT: Anomaly detected (score=-0.036) | rate=654.5pkt/s tcp=1132 udp=85 icmp=0 syn=23 src_ips=45 dst_ports=46
2026-04-15 09:32:20 DEBUG    [DETECT] score=0.132  pkts=860  rate=430.0/s  syn=3  src_ips=25
2026-04-15 09:32:22 DEBUG    [DETECT] score=0.056  pkts=810  rate=405.0/s  syn=15  src_ips=34
2026-04-15 09:32:24 DEBUG    [DETECT] score=0.092  pkts=974  rate=487.0/s  syn=1  src_ips=31
2026-04-15 09:32:26 DEBUG    [DETECT] score=0.124  pkts=911  rate=455.5/s  syn=0  src_ips=30
2026-04-15 09:32:28 DEBUG    [DETECT] score=0.036  pkts=1099  rate=549.5/s  syn=5  src_ips=37
2026-04-15 09:32:30 DEBUG    [DETECT] score=0.106  pkts=1016  rate=508.0/s  syn=5  src_ips=32
2026-04-15 09:32:32 DEBUG    [DETECT] score=0.049  pkts=1130  rate=565.0/s  syn=3  src_ips=36
2026-04-15 09:32:34 DEBUG    [DETECT] score=0.037  pkts=1218  rate=609.0/s  syn=3  src_ips=44
2026-04-15 09:32:36 DEBUG    [DETECT] score=0.119  pkts=1086  rate=543.0/s  syn=4  src_ips=31
2026-04-15 09:32:38 DEBUG    [DETECT] score=0.089  pkts=1160  rate=580.0/s  syn=1  src_ips=36
2026-04-15 09:32:41 DEBUG    [DETECT] score=0.146  pkts=1046  rate=523.0/s  syn=1  src_ips=27
2026-04-15 09:32:43 DEBUG    [DETECT] score=0.090  pkts=960  rate=480.0/s  syn=6  src_ips=34
2026-04-15 09:32:45 DEBUG    [DETECT] score=0.137  pkts=1103  rate=551.5/s  syn=4  src_ips=29
2026-04-15 09:32:47 DEBUG    [DETECT] score=0.159  pkts=543  rate=271.5/s  syn=4  src_ips=34
2026-04-15 09:32:49 WARNING  ALERT: Anomaly detected (score=-0.005) | rate=765.0pkt/s tcp=1362 udp=66 icmp=0 syn=7 src_ips=37 dst_ports=30
2026-04-15 09:32:51 DEBUG    [DETECT] score=0.007  pkts=893  rate=446.5/s  syn=7  src_ips=42
2026-04-15 09:32:53 DEBUG    [DETECT] score=0.132  pkts=889  rate=444.5/s  syn=1  src_ips=31
2026-04-15 09:32:55 DEBUG    [DETECT] score=0.058  pkts=796  rate=398.0/s  syn=6  src_ips=33
2026-04-15 09:32:57 DEBUG    [DETECT] score=0.197  pkts=553  rate=276.5/s  syn=3  src_ips=23
2026-04-15 09:32:59 DEBUG    [DETECT] score=0.030  pkts=2190  rate=1095.0/s  syn=0  src_ips=33
2026-04-15 09:33:01 DEBUG    [DETECT] score=0.166  pkts=674  rate=337.0/s  syn=0  src_ips=18
2026-04-15 09:33:03 DEBUG    [DETECT] score=0.078  pkts=733  rate=366.5/s  syn=3  src_ips=34
2026-04-15 09:33:05 DEBUG    [DETECT] score=0.117  pkts=636  rate=318.0/s  syn=4  src_ips=37
2026-04-15 09:33:07 DEBUG    [DETECT] score=0.133  pkts=414  rate=207.0/s  syn=0  src_ips=29
2026-04-15 09:33:09 DEBUG    [DETECT] score=0.184  pkts=262  rate=131.0/s  syn=3  src_ips=33
2026-04-15 09:33:11 DEBUG    [DETECT] score=0.219  pkts=212  rate=106.0/s  syn=0  src_ips=25
2026-04-15 09:33:13 DEBUG    [DETECT] score=0.156  pkts=179  rate=89.5/s  syn=7  src_ips=22
2026-04-15 09:33:15 DEBUG    [DETECT] score=0.150  pkts=409  rate=204.5/s  syn=2  src_ips=25
2026-04-15 09:33:17 DEBUG    [DETECT] score=0.242  pkts=260  rate=130.0/s  syn=4  src_ips=28
2026-04-15 09:33:19 DEBUG    [DETECT] score=0.212  pkts=243  rate=121.5/s  syn=1  src_ips=28
2026-04-15 09:33:21 DEBUG    [DETECT] score=0.185  pkts=314  rate=157.0/s  syn=6  src_ips=29
2026-04-15 09:33:23 DEBUG    [DETECT] score=0.246  pkts=241  rate=120.5/s  syn=1  src_ips=24
2026-04-15 09:33:25 DEBUG    [DETECT] score=0.207  pkts=278  rate=139.0/s  syn=2  src_ips=23
2026-04-15 09:33:27 DEBUG    [DETECT] score=0.104  pkts=572  rate=286.0/s  syn=4  src_ips=27
2026-04-15 09:33:29 DEBUG    [DETECT] score=0.148  pkts=668  rate=334.0/s  syn=3  src_ips=27
2026-04-15 09:33:31 DEBUG    [DETECT] score=0.062  pkts=1042  rate=521.0/s  syn=0  src_ips=32
2026-04-15 09:33:33 WARNING  ALERT: Anomaly detected (score=-0.008) | rate=2202.5pkt/s tcp=4280 udp=47 icmp=0 syn=1 src_ips=23 dst_ports=22
2026-04-15 09:33:35 DEBUG    [DETECT] score=0.091  pkts=1528  rate=764.0/s  syn=4  src_ips=26
2026-04-15 09:33:37 DEBUG    [DETECT] score=0.080  pkts=810  rate=405.0/s  syn=4  src_ips=35
2026-04-15 09:33:39 DEBUG    [DETECT] score=0.118  pkts=663  rate=331.5/s  syn=0  src_ips=31
2026-04-15 09:33:41 DEBUG    [DETECT] score=0.128  pkts=717  rate=358.5/s  syn=1  src_ips=29
2026-04-15 09:33:43 DEBUG    [DETECT] score=0.084  pkts=1543  rate=771.5/s  syn=1  src_ips=19
2026-04-15 09:33:45 DEBUG    [DETECT] score=0.095  pkts=1289  rate=644.5/s  syn=1  src_ips=22
2026-04-15 09:33:48 DEBUG    [DETECT] score=0.043  pkts=2401  rate=1200.5/s  syn=0  src_ips=27
2026-04-15 09:33:50 DEBUG    [DETECT] score=0.016  pkts=2751  rate=1375.5/s  syn=5  src_ips=22
2026-04-15 09:33:52 DEBUG    [DETECT] score=0.048  pkts=2109  rate=1054.5/s  syn=2  src_ips=32
2026-04-15 09:33:54 DEBUG    [DETECT] score=0.224  pkts=346  rate=173.0/s  syn=2  src_ips=24
2026-04-15 09:33:56 DEBUG    [DETECT] score=0.001  pkts=3695  rate=1847.5/s  syn=2  src_ips=27
2026-04-15 09:33:58 DEBUG    [DETECT] score=0.008  pkts=4314  rate=2157.0/s  syn=3  src_ips=23
2026-04-15 09:34:00 DEBUG    [DETECT] score=0.016  pkts=4258  rate=2129.0/s  syn=3  src_ips=25
2026-04-15 09:34:02 DEBUG    [DETECT] score=0.041  pkts=2665  rate=1332.5/s  syn=2  src_ips=32
2026-04-15 09:34:04 DEBUG    [DETECT] score=0.191  pkts=382  rate=191.0/s  syn=3  src_ips=23
2026-04-15 09:34:06 DEBUG    [DETECT] score=0.054  pkts=977  rate=488.5/s  syn=3  src_ips=32
2026-04-15 09:34:08 DEBUG    [DETECT] score=0.077  pkts=663  rate=331.5/s  syn=3  src_ips=33
2026-04-15 09:34:10 DEBUG    [DETECT] score=0.128  pkts=694  rate=347.0/s  syn=2  src_ips=31
2026-04-15 09:34:12 DEBUG    [DETECT] score=0.078  pkts=381  rate=190.5/s  syn=7  src_ips=39
2026-04-15 09:34:14 DEBUG    [DETECT] score=0.103  pkts=588  rate=294.0/s  syn=6  src_ips=32
2026-04-15 09:34:16 DEBUG    [DETECT] score=0.165  pkts=258  rate=129.0/s  syn=3  src_ips=31
2026-04-15 09:34:18 DEBUG    [DETECT] score=0.221  pkts=311  rate=155.5/s  syn=1  src_ips=29
2026-04-15 09:34:20 DEBUG    [DETECT] score=0.211  pkts=160  rate=80.0/s  syn=0  src_ips=27
2026-04-15 09:34:22 DEBUG    [DETECT] score=0.129  pkts=333  rate=166.5/s  syn=8  src_ips=27
2026-04-15 09:34:24 DEBUG    [DETECT] score=0.005  pkts=3034  rate=1517.0/s  syn=1  src_ips=23
2026-04-15 09:34:26 DEBUG    [DETECT] score=0.076  pkts=2101  rate=1050.5/s  syn=2  src_ips=17
2026-04-15 09:34:28 WARNING  ALERT: Anomaly detected (score=-0.004) | rate=2937.0pkt/s tcp=5735 udp=65 icmp=0 syn=1 src_ips=29 dst_ports=24
2026-04-15 09:34:30 DEBUG    [DETECT] score=0.172  pkts=848  rate=424.0/s  syn=1  src_ips=24
2026-04-15 09:34:32 DEBUG    [DETECT] score=0.259  pkts=199  rate=99.5/s  syn=2  src_ips=27
2026-04-15 09:34:35 WARNING  ALERT: Anomaly detected (score=-0.011) | rate=1759.5pkt/s tcp=3390 udp=60 icmp=0 syn=1 src_ips=29 dst_ports=24
2026-04-15 09:34:37 DEBUG    [DETECT] score=0.177  pkts=648  rate=324.0/s  syn=3  src_ips=26
2026-04-15 09:34:39 DEBUG    [DETECT] score=0.136  pkts=1082  rate=541.0/s  syn=2  src_ips=31
2026-04-15 09:34:41 DEBUG    [DETECT] score=0.176  pkts=795  rate=397.5/s  syn=1  src_ips=25
2026-04-15 09:34:43 DEBUG    [DETECT] score=0.136  pkts=995  rate=497.5/s  syn=2  src_ips=33
2026-04-15 09:34:45 DEBUG    [DETECT] score=0.171  pkts=641  rate=320.5/s  syn=2  src_ips=28
2026-04-15 09:34:47 DEBUG    [DETECT] score=0.148  pkts=907  rate=453.5/s  syn=0  src_ips=28
2026-04-15 09:34:49 DEBUG    [DETECT] score=0.098  pkts=943  rate=471.5/s  syn=1  src_ips=39
2026-04-15 09:34:51 DEBUG    [DETECT] score=0.053  pkts=1678  rate=839.0/s  syn=2  src_ips=36
2026-04-15 09:34:53 DEBUG    [DETECT] score=0.081  pkts=2365  rate=1182.5/s  syn=4  src_ips=29
2026-04-15 09:34:55 DEBUG    [DETECT] score=0.008  pkts=3024  rate=1512.0/s  syn=0  src_ips=18
2026-04-15 09:34:57 WARNING  ALERT: Anomaly detected (score=-0.029) | rate=3765.0pkt/s tcp=7455 udp=10 icmp=0 syn=7 src_ips=22 dst_ports=22
2026-04-15 09:34:59 WARNING  ALERT: Anomaly detected (score=-0.017) | rate=3050.0pkt/s tcp=5965 udp=39 icmp=0 syn=1 src_ips=34 dst_ports=18
2026-04-15 09:35:01 WARNING  ALERT: Anomaly detected (score=-0.005) | rate=2929.0pkt/s tcp=5775 udp=12 icmp=0 syn=0 src_ips=18 dst_ports=15
2026-04-15 09:35:03 WARNING  ALERT: Anomaly detected (score=-0.007) | rate=2378.5pkt/s tcp=4633 udp=31 icmp=0 syn=5 src_ips=28 dst_ports=19
2026-04-15 09:35:05 DEBUG    [DETECT] score=0.149  pkts=1120  rate=560.0/s  syn=3  src_ips=27
2026-04-15 09:35:07 DEBUG    [DETECT] score=0.149  pkts=742  rate=371.0/s  syn=0  src_ips=23
2026-04-15 09:35:09 DEBUG    [DETECT] score=0.049  pkts=1059  rate=529.5/s  syn=10  src_ips=34
2026-04-15 09:35:11 DEBUG    [DETECT] score=0.055  pkts=2176  rate=1088.0/s  syn=5  src_ips=25
2026-04-15 09:35:14 DEBUG    [DETECT] score=0.035  pkts=2312  rate=1156.0/s  syn=5  src_ips=32
2026-04-15 09:35:16 WARNING  ALERT: Anomaly detected (score=-0.088) | rate=2134.5pkt/s tcp=4136 udp=59 icmp=0 syn=22 src_ips=36 dst_ports=35
2026-04-15 09:35:18 WARNING  ALERT: Anomaly detected (score=-0.038) | rate=3450.5pkt/s tcp=6793 udp=38 icmp=0 syn=6 src_ips=30 dst_ports=29
2026-04-15 09:35:20 WARNING  ALERT: Anomaly detected (score=-0.013) | rate=3358.0pkt/s tcp=6569 udp=40 icmp=0 syn=6 src_ips=26 dst_ports=19
2026-04-15 09:35:22 WARNING  ALERT: Anomaly detected (score=-0.059) | rate=2507.0pkt/s tcp=4881 udp=43 icmp=0 syn=13 src_ips=29 dst_ports=26
2026-04-15 09:35:24 WARNING  ALERT: Anomaly detected (score=-0.020) | rate=2368.0pkt/s tcp=4583 udp=36 icmp=0 syn=5 src_ips=35 dst_ports=22
2026-04-15 09:35:26 WARNING  ALERT: Anomaly detected (score=-0.035) | rate=2199.5pkt/s tcp=4209 udp=58 icmp=0 syn=7 src_ips=32 dst_ports=24
2026-04-15 09:35:28 WARNING  ALERT: Anomaly detected (score=-0.040) | rate=1934.0pkt/s tcp=3673 udp=66 icmp=0 syn=5 src_ips=28 dst_ports=30
2026-04-15 09:35:30 WARNING  ALERT: Anomaly detected (score=-0.007) | rate=2377.5pkt/s tcp=4627 udp=35 icmp=0 syn=4 src_ips=27 dst_ports=22
2026-04-15 09:35:32 DEBUG    [DETECT] score=0.076  pkts=1233  rate=616.5/s  syn=7  src_ips=30
2026-04-15 09:35:34 DEBUG    [DETECT] score=0.144  pkts=829  rate=414.5/s  syn=4  src_ips=26
2026-04-15 09:35:36 DEBUG    [DETECT] score=0.113  pkts=1487  rate=743.5/s  syn=4  src_ips=34
2026-04-15 09:35:38 DEBUG    [DETECT] score=0.072  pkts=582  rate=291.0/s  syn=6  src_ips=33
2026-04-15 09:35:40 DEBUG    [DETECT] score=0.060  pkts=1121  rate=560.5/s  syn=6  src_ips=22
2026-04-15 09:35:43 DEBUG    [DETECT] score=0.076  pkts=953  rate=476.5/s  syn=7  src_ips=31
2026-04-15 09:35:45 DEBUG    [DETECT] score=0.045  pkts=1137  rate=568.5/s  syn=9  src_ips=26
2026-04-15 09:35:47 DEBUG    [DETECT] score=0.118  pkts=691  rate=345.5/s  syn=2  src_ips=32
2026-04-15 09:35:49 DEBUG    [DETECT] score=0.141  pkts=438  rate=219.0/s  syn=0  src_ips=20
2026-04-15 09:35:51 DEBUG    [DETECT] score=0.224  pkts=312  rate=156.0/s  syn=1  src_ips=18
2026-04-15 09:35:53 DEBUG    [DETECT] score=0.152  pkts=127  rate=63.5/s  syn=5  src_ips=25
2026-04-15 09:35:55 DEBUG    [DETECT] score=0.207  pkts=157  rate=78.5/s  syn=2  src_ips=21
2026-04-15 09:35:57 DEBUG    [DETECT] score=0.170  pkts=148  rate=74.0/s  syn=1  src_ips=25
2026-04-15 09:35:59 DEBUG    [DETECT] score=0.197  pkts=112  rate=56.0/s  syn=3  src_ips=16
2026-04-15 09:36:01 DEBUG    [DETECT] score=0.229  pkts=103  rate=51.5/s  syn=0  src_ips=15
2026-04-15 09:36:03 DEBUG    [DETECT] score=0.250  pkts=202  rate=101.0/s  syn=2  src_ips=30
2026-04-15 09:36:05 DEBUG    [DETECT] score=0.237  pkts=141  rate=70.5/s  syn=1  src_ips=14
2026-04-15 09:36:07 DEBUG    [DETECT] score=0.106  pkts=1242  rate=621.0/s  syn=2  src_ips=26
2026-04-15 09:36:09 DEBUG    [DETECT] score=0.163  pkts=620  rate=310.0/s  syn=3  src_ips=22
2026-04-15 09:36:11 DEBUG    [DETECT] score=0.232  pkts=345  rate=172.5/s  syn=2  src_ips=20
2026-04-15 09:36:13 DEBUG    [DETECT] score=0.139  pkts=413  rate=206.5/s  syn=4  src_ips=30
2026-04-15 09:36:15 DEBUG    [DETECT] score=0.058  pkts=2016  rate=1008.0/s  syn=4  src_ips=30
2026-04-15 09:36:17 DEBUG    [DETECT] score=0.141  pkts=266  rate=133.0/s  syn=5  src_ips=33
2026-04-15 09:36:19 DEBUG    [DETECT] score=0.163  pkts=862  rate=431.0/s  syn=0  src_ips=22
2026-04-15 09:36:21 DEBUG    [DETECT] score=0.243  pkts=191  rate=95.5/s  syn=0  src_ips=17
2026-04-15 09:36:23 DEBUG    [DETECT] score=0.200  pkts=471  rate=235.5/s  syn=4  src_ips=22
2026-04-15 09:36:25 DEBUG    [DETECT] score=0.221  pkts=287  rate=143.5/s  syn=1  src_ips=16
2026-04-15 09:36:27 DEBUG    [DETECT] score=0.238  pkts=211  rate=105.5/s  syn=1  src_ips=19
2026-04-15 09:36:29 DEBUG    [DETECT] score=0.249  pkts=207  rate=103.5/s  syn=0  src_ips=25
2026-04-15 09:36:31 DEBUG    [DETECT] score=0.057  pkts=2034  rate=1017.0/s  syn=1  src_ips=15
2026-04-15 09:36:33 DEBUG    [DETECT] score=0.121  pkts=1111  rate=555.5/s  syn=0  src_ips=28
2026-04-15 09:36:35 DEBUG    [DETECT] score=0.082  pkts=1719  rate=859.5/s  syn=0  src_ips=20
2026-04-15 09:36:37 DEBUG    [DETECT] score=0.198  pkts=616  rate=308.0/s  syn=1  src_ips=25
2026-04-15 09:36:39 DEBUG    [DETECT] score=0.123  pkts=1506  rate=753.0/s  syn=2  src_ips=22
2026-04-15 09:36:41 DEBUG    [DETECT] score=0.148  pkts=1039  rate=519.5/s  syn=2  src_ips=19
2026-04-15 09:36:43 DEBUG    [DETECT] score=0.120  pkts=1832  rate=916.0/s  syn=3  src_ips=30
2026-04-15 09:36:45 DEBUG    [DETECT] score=0.123  pkts=1212  rate=606.0/s  syn=5  src_ips=24
2026-04-15 09:36:47 DEBUG    [DETECT] score=0.096  pkts=1121  rate=560.5/s  syn=1  src_ips=34
2026-04-15 09:36:49 DEBUG    [DETECT] score=0.130  pkts=1044  rate=522.0/s  syn=1  src_ips=30
2026-04-15 09:36:52 DEBUG    [DETECT] score=0.006  pkts=5592  rate=2796.0/s  syn=2  src_ips=18
2026-04-15 09:36:54 WARNING  ALERT: Anomaly detected (score=-0.013) | rate=3462.0pkt/s tcp=6877 udp=9 icmp=0 syn=2 src_ips=15 dst_ports=11
2026-04-15 09:36:56 DEBUG    [DETECT] score=0.116  pkts=1744  rate=872.0/s  syn=1  src_ips=18
2026-04-15 09:36:58 INFO     Model trained on 195 windows.
2026-04-15 09:36:58 INFO     Adaptive re-train complete (195 normal windows in history).
2026-04-15 09:36:58 DEBUG    [DETECT] score=0.075  pkts=2490  rate=1245.0/s  syn=3  src_ips=27
2026-04-15 09:37:00 DEBUG    [DETECT] score=0.142  pkts=1722  rate=861.0/s  syn=1  src_ips=23
2026-04-15 09:37:02 DEBUG    [DETECT] score=0.100  pkts=1677  rate=838.5/s  syn=0  src_ips=19
2026-04-15 09:37:04 DEBUG    [DETECT] score=0.128  pkts=1542  rate=771.0/s  syn=3  src_ips=28
2026-04-15 09:37:06 DEBUG    [DETECT] score=0.049  pkts=1609  rate=804.5/s  syn=1  src_ips=21
2026-04-15 09:37:08 DEBUG    [DETECT] score=0.093  pkts=1764  rate=882.0/s  syn=4  src_ips=34
2026-04-15 09:37:10 DEBUG    [DETECT] score=0.096  pkts=1997  rate=998.5/s  syn=5  src_ips=33
2026-04-15 09:37:12 DEBUG    [DETECT] score=0.085  pkts=2564  rate=1282.0/s  syn=3  src_ips=27
2026-04-15 09:37:14 DEBUG    [DETECT] score=0.073  pkts=2451  rate=1225.5/s  syn=0  src_ips=31
2026-04-15 09:37:16 WARNING  ALERT: Anomaly detected (score=-0.008) | rate=1709.0pkt/s tcp=3206 udp=79 icmp=0 syn=2 src_ips=39 dst_ports=23
2026-04-15 09:37:18 DEBUG    [DETECT] score=0.094  pkts=2316  rate=1158.0/s  syn=2  src_ips=35
2026-04-15 09:37:20 DEBUG    [DETECT] score=0.025  pkts=2646  rate=1323.0/s  syn=1  src_ips=20
2026-04-15 09:37:23 WARNING  ALERT: Anomaly detected (score=-0.012) | rate=2019.5pkt/s tcp=3885 udp=53 icmp=0 syn=6 src_ips=28 dst_ports=19
2026-04-15 09:37:25 WARNING  ALERT: Anomaly detected (score=-0.126) | rate=2201.0pkt/s tcp=4249 udp=38 icmp=3 syn=5 src_ips=35 dst_ports=16
2026-04-15 09:37:27 WARNING  ALERT: Anomaly detected (score=-0.118) | rate=4643.0pkt/s tcp=9179 udp=25 icmp=0 syn=1 src_ips=20 dst_ports=10
2026-04-15 09:37:29 DEBUG    [DETECT] score=0.109  pkts=2588  rate=1294.0/s  syn=3  src_ips=31
2026-04-15 09:37:31 DEBUG    [DETECT] score=0.002  pkts=3150  rate=1575.0/s  syn=2  src_ips=25
2026-04-15 09:37:33 DEBUG    [DETECT] score=0.134  pkts=1726  rate=863.0/s  syn=0  src_ips=25
2026-04-15 09:37:35 WARNING  ALERT: Anomaly detected (score=-0.036) | rate=2177.5pkt/s tcp=4219 udp=43 icmp=0 syn=1 src_ips=32 dst_ports=11
2026-04-15 09:37:37 WARNING  ALERT: Anomaly detected (score=-0.076) | rate=2475.5pkt/s tcp=4766 udp=57 icmp=0 syn=3 src_ips=36 dst_ports=16
2026-04-15 09:37:39 DEBUG    [DETECT] score=0.034  pkts=862  rate=431.0/s  syn=0  src_ips=26
2026-04-15 09:37:41 WARNING  ALERT: Anomaly detected (score=-0.022) | rate=1079.5pkt/s tcp=1849 udp=147 icmp=0 syn=0 src_ips=38 dst_ports=20
2026-04-15 09:37:43 DEBUG    [DETECT] score=0.142  pkts=882  rate=441.0/s  syn=1  src_ips=23
2026-04-15 09:37:45 DEBUG    [DETECT] score=0.108  pkts=2229  rate=1114.5/s  syn=3  src_ips=20
2026-04-15 09:37:47 WARNING  ALERT: Anomaly detected (score=-0.056) | rate=1259.0pkt/s tcp=2380 udp=37 icmp=3 syn=1 src_ips=31 dst_ports=13
2026-04-15 09:37:49 DEBUG    [DETECT] score=0.063  pkts=2566  rate=1283.0/s  syn=0  src_ips=19
2026-04-15 09:37:52 DEBUG    [DETECT] score=0.023  pkts=2925  rate=1462.5/s  syn=3  src_ips=33
2026-04-15 09:37:54 DEBUG    [DETECT] score=0.084  pkts=1208  rate=604.0/s  syn=3  src_ips=28
2026-04-15 09:37:56 DEBUG    [DETECT] score=0.039  pkts=3030  rate=1515.0/s  syn=0  src_ips=24
2026-04-15 09:37:58 DEBUG    [DETECT] score=0.063  pkts=1832  rate=916.0/s  syn=0  src_ips=25
2026-04-15 09:38:00 DEBUG    [DETECT] score=0.074  pkts=2569  rate=1284.5/s  syn=5  src_ips=29
2026-04-15 09:38:02 DEBUG    [DETECT] score=0.041  pkts=613  rate=306.5/s  syn=2  src_ips=30
2026-04-15 09:38:04 DEBUG    [DETECT] score=0.121  pkts=1684  rate=842.0/s  syn=1  src_ips=22
2026-04-15 09:38:06 WARNING  ALERT: Anomaly detected (score=-0.081) | rate=259.5pkt/s tcp=356 udp=60 icmp=3 syn=2 src_ips=19 dst_ports=12
2026-04-15 09:38:08 DEBUG    [DETECT] score=0.134  pkts=1488  rate=744.0/s  syn=5  src_ips=32
2026-04-15 09:38:10 DEBUG    [DETECT] score=0.136  pkts=411  rate=205.5/s  syn=0  src_ips=23
2026-04-15 09:38:12 DEBUG    [DETECT] score=0.009  pkts=1881  rate=940.5/s  syn=6  src_ips=28
2026-04-15 09:38:14 DEBUG    [DETECT] score=0.127  pkts=1398  rate=699.0/s  syn=1  src_ips=25
2026-04-15 09:38:16 WARNING  ALERT: Anomaly detected (score=-0.104) | rate=3184.0pkt/s tcp=6261 udp=47 icmp=0 syn=0 src_ips=25 dst_ports=14
2026-04-15 09:38:18 WARNING  ALERT: Anomaly detected (score=-0.090) | rate=4249.5pkt/s tcp=8453 udp=16 icmp=0 syn=1 src_ips=25 dst_ports=14
2026-04-15 09:38:20 WARNING  ALERT: Anomaly detected (score=-0.158) | rate=4615.5pkt/s tcp=9161 udp=20 icmp=1 syn=1 src_ips=19 dst_ports=9
2026-04-15 09:38:23 WARNING  ALERT: Anomaly detected (score=-0.139) | rate=4422.0pkt/s tcp=8806 udp=8 icmp=0 syn=0 src_ips=19 dst_ports=9
2026-04-15 09:38:25 WARNING  ALERT: Anomaly detected (score=-0.062) | rate=2517.0pkt/s tcp=4947 udp=18 icmp=0 syn=2 src_ips=19 dst_ports=12
2026-04-15 09:38:27 DEBUG    [DETECT] score=0.121  pkts=1255  rate=627.5/s  syn=1  src_ips=23
2026-04-15 09:38:29 DEBUG    [DETECT] score=0.147  pkts=440  rate=220.0/s  syn=0  src_ips=20
2026-04-15 09:38:31 DEBUG    [DETECT] score=0.107  pkts=1004  rate=502.0/s  syn=1  src_ips=17
2026-04-15 09:38:33 DEBUG    [DETECT] score=0.145  pkts=766  rate=383.0/s  syn=0  src_ips=18
2026-04-15 09:38:35 DEBUG    [DETECT] score=0.151  pkts=1062  rate=531.0/s  syn=2  src_ips=28
2026-04-15 09:38:37 DEBUG    [DETECT] score=0.116  pkts=924  rate=462.0/s  syn=2  src_ips=16
2026-04-15 09:38:39 DEBUG    [DETECT] score=0.165  pkts=696  rate=348.0/s  syn=3  src_ips=28
2026-04-15 09:38:41 DEBUG    [DETECT] score=0.165  pkts=797  rate=398.5/s  syn=1  src_ips=19
2026-04-15 09:38:43 DEBUG    [DETECT] score=0.148  pkts=799  rate=399.5/s  syn=7  src_ips=30
2026-04-15 09:38:45 DEBUG    [DETECT] score=0.171  pkts=443  rate=221.5/s  syn=1  src_ips=19
2026-04-15 09:38:47 DEBUG    [DETECT] score=0.139  pkts=642  rate=321.0/s  syn=0  src_ips=26
2026-04-15 09:38:49 DEBUG    [DETECT] score=0.141  pkts=503  rate=251.5/s  syn=4  src_ips=26
2026-04-15 09:38:51 DEBUG    [DETECT] score=0.057  pkts=713  rate=356.5/s  syn=0  src_ips=48
2026-04-15 09:38:53 DEBUG    [DETECT] score=0.131  pkts=728  rate=364.0/s  syn=0  src_ips=24
2026-04-15 09:38:55 DEBUG    [DETECT] score=0.136  pkts=945  rate=472.5/s  syn=3  src_ips=23
2026-04-15 09:38:57 DEBUG    [DETECT] score=0.075  pkts=915  rate=457.5/s  syn=2  src_ips=13
2026-04-15 09:38:59 DEBUG    [DETECT] score=0.181  pkts=913  rate=456.5/s  syn=2  src_ips=25
2026-04-15 09:39:01 DEBUG    [DETECT] score=0.070  pkts=828  rate=414.0/s  syn=0  src_ips=13
2026-04-15 09:39:03 DEBUG    [DETECT] score=0.154  pkts=815  rate=407.5/s  syn=0  src_ips=28
2026-04-15 09:39:05 DEBUG    [DETECT] score=0.089  pkts=943  rate=471.5/s  syn=4  src_ips=16
2026-04-15 09:39:07 DEBUG    [DETECT] score=0.083  pkts=1350  rate=675.0/s  syn=1  src_ips=18
2026-04-15 09:39:09 DEBUG    [DETECT] score=0.072  pkts=1741  rate=870.5/s  syn=2  src_ips=20
2026-04-15 09:39:11 DEBUG    [DETECT] score=0.074  pkts=1985  rate=992.5/s  syn=1  src_ips=19
2026-04-15 09:39:13 DEBUG    [DETECT] score=0.179  pkts=894  rate=447.0/s  syn=2  src_ips=26
2026-04-15 09:39:15 DEBUG    [DETECT] score=0.116  pkts=1983  rate=991.5/s  syn=2  src_ips=22
2026-04-15 09:39:18 DEBUG    [DETECT] score=0.105  pkts=2498  rate=1249.0/s  syn=0  src_ips=26
2026-04-15 09:39:20 WARNING  ALERT: Anomaly detected (score=-0.026) | rate=2254.5pkt/s tcp=4416 udp=20 icmp=0 syn=3 src_ips=27 dst_ports=12
2026-04-15 09:39:22 WARNING  ALERT: Anomaly detected (score=-0.004) | rate=2099.5pkt/s tcp=4105 udp=30 icmp=0 syn=2 src_ips=20 dst_ports=14
2026-04-15 09:39:24 WARNING  ALERT: Anomaly detected (score=-0.025) | rate=2369.0pkt/s tcp=4638 udp=27 icmp=0 syn=2 src_ips=21 dst_ports=16
2026-04-15 09:39:26 DEBUG    [DETECT] score=0.060  pkts=1624  rate=812.0/s  syn=1  src_ips=11
2026-04-15 09:39:28 DEBUG    [DETECT] score=0.110  pkts=1163  rate=581.5/s  syn=2  src_ips=20
2026-04-15 09:39:30 DEBUG    [DETECT] score=0.154  pkts=369  rate=184.5/s  syn=2  src_ips=19
2026-04-15 09:39:32 DEBUG    [DETECT] score=0.045  pkts=1306  rate=653.0/s  syn=2  src_ips=11
2026-04-15 09:39:34 DEBUG    [DETECT] score=0.075  pkts=2481  rate=1240.5/s  syn=0  src_ips=22
2026-04-15 09:39:36 WARNING  ALERT: Anomaly detected (score=-0.011) | rate=1509.5pkt/s tcp=2935 udp=17 icmp=0 syn=0 src_ips=13 dst_ports=7
2026-04-15 09:39:38 DEBUG    [DETECT] score=0.034  pkts=2585  rate=1292.5/s  syn=2  src_ips=22
2026-04-15 09:39:40 WARNING  ALERT: Anomaly detected (score=-0.153) | rate=2616.5pkt/s tcp=5121 udp=23 icmp=3 syn=1 src_ips=21 dst_ports=10
2026-04-15 09:39:42 DEBUG    [DETECT] score=0.011  pkts=2022  rate=1011.0/s  syn=0  src_ips=23
2026-04-15 09:39:44 DEBUG    [DETECT] score=0.065  pkts=1655  rate=827.5/s  syn=2  src_ips=13
2026-04-15 09:39:46 DEBUG    [DETECT] score=0.104  pkts=1170  rate=585.0/s  syn=1  src_ips=21
2026-04-15 09:39:48 DEBUG    [DETECT] score=0.014  pkts=2646  rate=1323.0/s  syn=3  src_ips=15
2026-04-15 09:39:50 DEBUG    [DETECT] score=0.058  pkts=3458  rate=1729.0/s  syn=3  src_ips=19
2026-04-15 09:39:52 DEBUG    [DETECT] score=0.059  pkts=2463  rate=1231.5/s  syn=7  src_ips=24
2026-04-15 09:39:55 WARNING  ALERT: Anomaly detected (score=-0.000) | rate=1847.5pkt/s tcp=3603 udp=24 icmp=0 syn=7 src_ips=22 dst_ports=23
2026-04-15 09:39:57 DEBUG    [DETECT] score=0.009  pkts=2894  rate=1447.0/s  syn=4  src_ips=23
2026-04-15 09:39:59 DEBUG    [DETECT] score=0.069  pkts=2465  rate=1232.5/s  syn=5  src_ips=30
2026-04-15 09:40:01 DEBUG    [DETECT] score=0.045  pkts=2187  rate=1093.5/s  syn=8  src_ips=16
2026-04-15 09:40:03 DEBUG    [DETECT] score=0.076  pkts=1730  rate=865.0/s  syn=5  src_ips=36
2026-04-15 09:40:05 DEBUG    [DETECT] score=0.108  pkts=1299  rate=649.5/s  syn=1  src_ips=25
2026-04-15 09:40:07 DEBUG    [DETECT] score=0.071  pkts=2037  rate=1018.5/s  syn=1  src_ips=22
2026-04-15 09:40:09 DEBUG    [DETECT] score=0.044  pkts=2004  rate=1002.0/s  syn=3  src_ips=15
2026-04-15 09:40:11 DEBUG    [DETECT] score=0.061  pkts=1476  rate=738.0/s  syn=0  src_ips=16
2026-04-15 09:40:13 DEBUG    [DETECT] score=0.144  pkts=1090  rate=545.0/s  syn=2  src_ips=21
2026-04-15 09:40:15 DEBUG    [DETECT] score=0.044  pkts=2164  rate=1082.0/s  syn=1  src_ips=16
2026-04-15 09:40:17 DEBUG    [DETECT] score=0.071  pkts=1922  rate=961.0/s  syn=2  src_ips=34
2026-04-15 09:40:19 DEBUG    [DETECT] score=0.150  pkts=1287  rate=643.5/s  syn=1  src_ips=23
2026-04-15 09:40:21 DEBUG    [DETECT] score=0.068  pkts=1800  rate=900.0/s  syn=1  src_ips=19
2026-04-15 09:40:23 DEBUG    [DETECT] score=0.074  pkts=1682  rate=841.0/s  syn=0  src_ips=21
2026-04-15 09:40:25 DEBUG    [DETECT] score=0.039  pkts=1615  rate=807.5/s  syn=6  src_ips=11
2026-04-15 09:40:27 DEBUG    [DETECT] score=0.074  pkts=1552  rate=776.0/s  syn=3  src_ips=18
2026-04-15 09:40:29 DEBUG    [DETECT] score=0.092  pkts=1643  rate=821.5/s  syn=0  src_ips=16
2026-04-15 09:40:31 DEBUG    [DETECT] score=0.080  pkts=1226  rate=613.0/s  syn=1  src_ips=15
2026-04-15 09:40:33 DEBUG    [DETECT] score=0.118  pkts=2088  rate=1044.0/s  syn=3  src_ips=27
2026-04-15 09:40:35 DEBUG    [DETECT] score=0.039  pkts=257  rate=128.5/s  syn=0  src_ips=8
2026-04-15 09:40:37 DEBUG    [DETECT] score=0.076  pkts=1934  rate=967.0/s  syn=4  src_ips=18
2026-04-15 09:40:39 DEBUG    [DETECT] score=0.147  pkts=265  rate=132.5/s  syn=5  src_ips=20
2026-04-15 09:40:42 DEBUG    [DETECT] score=0.120  pkts=943  rate=471.5/s  syn=2  src_ips=15
2026-04-15 09:40:44 DEBUG    [DETECT] score=0.132  pkts=408  rate=204.0/s  syn=1  src_ips=17
2026-04-15 09:40:46 DEBUG    [DETECT] score=0.106  pkts=1109  rate=554.5/s  syn=4  src_ips=15
2026-04-15 09:40:48 DEBUG    [DETECT] score=0.147  pkts=586  rate=293.0/s  syn=0  src_ips=24
2026-04-15 09:40:50 DEBUG    [DETECT] score=0.170  pkts=915  rate=457.5/s  syn=1  src_ips=27
2026-04-15 09:40:52 DEBUG    [DETECT] score=0.081  pkts=671  rate=335.5/s  syn=0  src_ips=15
2026-04-15 09:40:54 DEBUG    [DETECT] score=0.087  pkts=1111  rate=555.5/s  syn=1  src_ips=19
2026-04-15 09:40:56 DEBUG    [DETECT] score=0.128  pkts=437  rate=218.5/s  syn=3  src_ips=14
2026-04-15 09:40:58 DEBUG    [DETECT] score=0.152  pkts=768  rate=384.0/s  syn=4  src_ips=31
2026-04-15 09:41:00 DEBUG    [DETECT] score=0.096  pkts=1162  rate=581.0/s  syn=1  src_ips=16
2026-04-15 09:41:02 DEBUG    [DETECT] score=0.175  pkts=671  rate=335.5/s  syn=3  src_ips=25
2026-04-15 09:41:04 DEBUG    [DETECT] score=0.167  pkts=980  rate=490.0/s  syn=0  src_ips=27
2026-04-15 09:41:06 DEBUG    [DETECT] score=0.107  pkts=1212  rate=606.0/s  syn=5  src_ips=22
2026-04-15 09:41:08 DEBUG    [DETECT] score=0.119  pkts=1196  rate=598.0/s  syn=1  src_ips=25
2026-04-15 09:41:10 DEBUG    [DETECT] score=0.176  pkts=581  rate=290.5/s  syn=4  src_ips=28
2026-04-15 09:41:12 DEBUG    [DETECT] score=0.122  pkts=965  rate=482.5/s  syn=1  src_ips=17
2026-04-15 09:41:14 DEBUG    [DETECT] score=0.025  pkts=1136  rate=568.0/s  syn=19  src_ips=30
2026-04-15 09:41:16 WARNING  ALERT: Anomaly detected (score=-0.128) | rate=1848.5pkt/s tcp=3585 udp=38 icmp=0 syn=31 src_ips=24 dst_ports=38
2026-04-15 09:41:18 WARNING  ALERT: Anomaly detected (score=-0.125) | rate=3040.5pkt/s tcp=5944 udp=28 icmp=0 syn=7 src_ips=34 dst_ports=25
2026-04-15 09:41:20 WARNING  ALERT: Anomaly detected (score=-0.182) | rate=3181.0pkt/s tcp=6172 udp=108 icmp=0 syn=13 src_ips=28 dst_ports=36
2026-04-15 09:41:23 WARNING  ALERT: Anomaly detected (score=-0.182) | rate=3808.5pkt/s tcp=7366 udp=209 icmp=0 syn=2 src_ips=15 dst_ports=12
2026-04-15 09:41:25 WARNING  ALERT: Anomaly detected (score=-0.109) | rate=3306.0pkt/s tcp=6526 udp=18 icmp=0 syn=2 src_ips=22 dst_ports=13
2026-04-15 09:41:27 WARNING  ALERT: Anomaly detected (score=-0.059) | rate=2363.0pkt/s tcp=4649 udp=14 icmp=0 syn=5 src_ips=22 dst_ports=20
2026-04-15 09:41:29 DEBUG    [DETECT] score=0.007  pkts=4163  rate=2081.5/s  syn=2  src_ips=26
2026-04-15 09:41:31 WARNING  ALERT: Anomaly detected (score=-0.086) | rate=2430.0pkt/s tcp=4758 udp=27 icmp=0 syn=12 src_ips=23 dst_ports=21
